<?xml version="1.0" encoding="UTF-8"?>
<!-- Generated by org.testng.reporters.JUnitXMLReporter -->
<testsuite hostname="GulJen" ignored="0" name="Command line test" tests="6" failures="1" timestamp="2022-06-20T00:27:19 CDT" time="48.583" errors="0">
  <testcase name="testCarvanaHomePageTitleAndUrl" time="2.648" classname="scripts.CarvanaTest"/>
  <testcase name="testCarvanaLogo" time="2.269" classname="scripts.CarvanaTest"/>
  <testcase name="testCarvanaNavigationItems" time="2.326" classname="scripts.CarvanaTest"/>
  <testcase name="testCarvanaSignInErrorMessage" time="3.289" classname="scripts.CarvanaTest"/>
  <testcase name="testCarvanaSeacrhFilterAndSearchButton" time="8.501" classname="scripts.CarvanaTest"/>
  <testcase name="testCarvanaSearchResultTitles" time="14.343" classname="scripts.CarvanaTest">
    <failure type="java.lang.AssertionError" message="expected [true] but found [false]">
      <![CDATA[java.lang.AssertionError: expected [true] but found [false]
at scripts.CarvanaTest.testCarvanaSearchResultTitles(CarvanaTest.java:89)
at java.util.ArrayList.forEach(ArrayList.java:1259)
... Removed 40 stack frames]]>
    </failure>
  </testcase> <!-- testCarvanaSearchResultTitles -->
</testsuite> <!-- Command line test -->
